The following modules were not unloaded:
  (Use "module --force purge" to unload all):

  1) CCconfig         4) imkl/2020.1.217    7) libfabric/1.10.1
  2) gentoo/2020      5) intel/2020.1.217   8) openmpi/4.0.3
  3) gcccore/.9.3.0   6) ucx/1.8.0          9) StdEnv/2020

Lmod is automatically replacing "intel/2020.1.217" with "gcc/9.3.0".


Due to MODULEPATH changes, the following have been reloaded:
  1) libfabric/1.10.1     2) openmpi/4.0.3     3) ucx/1.8.0

The environment has already been set by the module.
Not making any changes.
-I: Adding /cvmfs/restricted.computecanada.ca/easybuild/software/2020/avx2/MPI/gcc9/cuda11.4/openmpi4/amber/20.12-20.15/dat/leap/prep to search path.
-I: Adding /cvmfs/restricted.computecanada.ca/easybuild/software/2020/avx2/MPI/gcc9/cuda11.4/openmpi4/amber/20.12-20.15/dat/leap/lib to search path.
-I: Adding /cvmfs/restricted.computecanada.ca/easybuild/software/2020/avx2/MPI/gcc9/cuda11.4/openmpi4/amber/20.12-20.15/dat/leap/parm to search path.
-I: Adding /cvmfs/restricted.computecanada.ca/easybuild/software/2020/avx2/MPI/gcc9/cuda11.4/openmpi4/amber/20.12-20.15/dat/leap/cmd to search path.
-f: Source GGP.in.

Welcome to LEaP!
(no leaprc in search path)
Sourcing: ./GGP.in
----- Source: /cvmfs/restricted.computecanada.ca/easybuild/software/2020/avx2/MPI/gcc9/cuda11.4/openmpi4/amber/20.12-20.15/dat/leap/cmd/leaprc.gaff
----- Source of /cvmfs/restricted.computecanada.ca/easybuild/software/2020/avx2/MPI/gcc9/cuda11.4/openmpi4/amber/20.12-20.15/dat/leap/cmd/leaprc.gaff done
Log file: ./leap.log
Loading parameters: /cvmfs/restricted.computecanada.ca/easybuild/software/2020/avx2/MPI/gcc9/cuda11.4/openmpi4/amber/20.12-20.15/dat/leap/parm/gaff.dat
Reading title:
AMBER General Force Field for organic molecules (Version 1.81, May 2017)
Loading Mol2 file: ../ligand_files/GGP.mol2
Reading MOLECULE named GGPP
Loading parameters: ../ligand_files/GGP.frcmod
Reading force field modification type file (frcmod)
Reading title:
Remark line goes here
Building topology.
Building atom parameters.
	Quit

Exiting LEaP: Errors = 0; Warnings = 0; Notes = 0.
-I: Adding /cvmfs/restricted.computecanada.ca/easybuild/software/2020/avx2/MPI/gcc9/cuda11.4/openmpi4/amber/20.12-20.15/dat/leap/prep to search path.
-I: Adding /cvmfs/restricted.computecanada.ca/easybuild/software/2020/avx2/MPI/gcc9/cuda11.4/openmpi4/amber/20.12-20.15/dat/leap/lib to search path.
-I: Adding /cvmfs/restricted.computecanada.ca/easybuild/software/2020/avx2/MPI/gcc9/cuda11.4/openmpi4/amber/20.12-20.15/dat/leap/parm to search path.
-I: Adding /cvmfs/restricted.computecanada.ca/easybuild/software/2020/avx2/MPI/gcc9/cuda11.4/openmpi4/amber/20.12-20.15/dat/leap/cmd to search path.
-f: Source complex.in.

Welcome to LEaP!
(no leaprc in search path)
Sourcing: ./complex.in
----- Source: /cvmfs/restricted.computecanada.ca/easybuild/software/2020/avx2/MPI/gcc9/cuda11.4/openmpi4/amber/20.12-20.15/dat/leap/cmd/leaprc.protein.ff14SB
----- Source of /cvmfs/restricted.computecanada.ca/easybuild/software/2020/avx2/MPI/gcc9/cuda11.4/openmpi4/amber/20.12-20.15/dat/leap/cmd/leaprc.protein.ff14SB done
Log file: ./leap.log
Loading parameters: /cvmfs/restricted.computecanada.ca/easybuild/software/2020/avx2/MPI/gcc9/cuda11.4/openmpi4/amber/20.12-20.15/dat/leap/parm/parm10.dat
Reading title:
PARM99 + frcmod.ff99SB + frcmod.parmbsc0 + OL3 for RNA
Loading parameters: /cvmfs/restricted.computecanada.ca/easybuild/software/2020/avx2/MPI/gcc9/cuda11.4/openmpi4/amber/20.12-20.15/dat/leap/parm/frcmod.ff14SB
Reading force field modification type file (frcmod)
Reading title:
ff14SB protein backbone and sidechain parameters
Loading library: /cvmfs/restricted.computecanada.ca/easybuild/software/2020/avx2/MPI/gcc9/cuda11.4/openmpi4/amber/20.12-20.15/dat/leap/lib/amino12.lib
Loading library: /cvmfs/restricted.computecanada.ca/easybuild/software/2020/avx2/MPI/gcc9/cuda11.4/openmpi4/amber/20.12-20.15/dat/leap/lib/aminoct12.lib
Loading library: /cvmfs/restricted.computecanada.ca/easybuild/software/2020/avx2/MPI/gcc9/cuda11.4/openmpi4/amber/20.12-20.15/dat/leap/lib/aminont12.lib
----- Source: /cvmfs/restricted.computecanada.ca/easybuild/software/2020/avx2/MPI/gcc9/cuda11.4/openmpi4/amber/20.12-20.15/dat/leap/cmd/leaprc.gaff
----- Source of /cvmfs/restricted.computecanada.ca/easybuild/software/2020/avx2/MPI/gcc9/cuda11.4/openmpi4/amber/20.12-20.15/dat/leap/cmd/leaprc.gaff done
Log file: ./leap.log
Loading parameters: /cvmfs/restricted.computecanada.ca/easybuild/software/2020/avx2/MPI/gcc9/cuda11.4/openmpi4/amber/20.12-20.15/dat/leap/parm/gaff.dat
Reading title:
AMBER General Force Field for organic molecules (Version 1.81, May 2017)
----- Source: /cvmfs/restricted.computecanada.ca/easybuild/software/2020/avx2/MPI/gcc9/cuda11.4/openmpi4/amber/20.12-20.15/dat/leap/cmd/leaprc.water.tip3p
----- Source of /cvmfs/restricted.computecanada.ca/easybuild/software/2020/avx2/MPI/gcc9/cuda11.4/openmpi4/amber/20.12-20.15/dat/leap/cmd/leaprc.water.tip3p done
Loading library: /cvmfs/restricted.computecanada.ca/easybuild/software/2020/avx2/MPI/gcc9/cuda11.4/openmpi4/amber/20.12-20.15/dat/leap/lib/atomic_ions.lib
Loading library: /cvmfs/restricted.computecanada.ca/easybuild/software/2020/avx2/MPI/gcc9/cuda11.4/openmpi4/amber/20.12-20.15/dat/leap/lib/solvents.lib
Loading parameters: /cvmfs/restricted.computecanada.ca/easybuild/software/2020/avx2/MPI/gcc9/cuda11.4/openmpi4/amber/20.12-20.15/dat/leap/parm/frcmod.tip3p
Reading force field modification type file (frcmod)
Reading title:
This is the additional/replacement parameter set for TIP3P water
Loading parameters: /cvmfs/restricted.computecanada.ca/easybuild/software/2020/avx2/MPI/gcc9/cuda11.4/openmpi4/amber/20.12-20.15/dat/leap/parm/frcmod.ions1lm_126_tip3p
Reading force field modification type file (frcmod)
Reading title:
Li/Merz ion parameters of monovalent ions for TIP3P water model (12-6 normal usage set)
Loading parameters: /cvmfs/restricted.computecanada.ca/easybuild/software/2020/avx2/MPI/gcc9/cuda11.4/openmpi4/amber/20.12-20.15/dat/leap/parm/frcmod.ionsjc_tip3p
Reading force field modification type file (frcmod)
Reading title:
Monovalent ion parameters for Ewald and TIP3P water from Joung & Cheatham JPCB (2008)
Loading parameters: /cvmfs/restricted.computecanada.ca/easybuild/software/2020/avx2/MPI/gcc9/cuda11.4/openmpi4/amber/20.12-20.15/dat/leap/parm/frcmod.ions234lm_126_tip3p
Reading force field modification type file (frcmod)
Reading title:
Li/Merz ion parameters of divalent to tetravalent ions for TIP3P water model (12-6 normal usage set)
Loading parameters: ../ligand_files/GGP.frcmod
Reading force field modification type file (frcmod)
Reading title:
Remark line goes here
Loading library: ../ligand_files/GGP.lib
Loading PDB file: ../TXS-GGPP_start.pdb
 (starting new molecule for chain  )
  total atoms in file: 12610
  Leap added 7 missing atoms according to residue templates:
       7 H / lone pairs
Adding 22 counter ions to "complex" using 1A grid
Grid extends from solute vdw + 3.89  to  9.99
Resolution:      1.00 Angstrom.
 (no solvent present)
Calculating grid charges
Placed Na+ in complex at (56.02, 12.08, 87.07).
Placed Na+ in complex at (68.02, -9.92, 72.07).
Placed Na+ in complex at (60.02, 35.08, 58.07).
Placed Na+ in complex at (25.02, 50.08, 59.07).
Placed Na+ in complex at (68.02, 7.08, 79.07).
Placed Na+ in complex at (34.02, 19.08, 92.07).
Placed Na+ in complex at (54.02, 49.08, 73.07).
Placed Na+ in complex at (45.02, 1.08, 34.07).
Placed Na+ in complex at (41.02, 75.08, 45.07).
Placed Na+ in complex at (32.02, 1.08, 102.07).
Placed Na+ in complex at (60.02, 72.08, 37.07).
Placed Na+ in complex at (63.02, -2.92, 65.07).
Placed Na+ in complex at (24.02, -14.92, 67.07).
Placed Na+ in complex at (12.02, 45.08, 46.07).
Placed Na+ in complex at (57.02, 32.08, 66.07).
Placed Na+ in complex at (44.02, -27.92, 83.07).
Placed Na+ in complex at (59.02, 11.08, 33.07).
Placed Na+ in complex at (17.02, 25.08, 74.07).
Placed Na+ in complex at (38.02, -5.92, 58.07).
Placed Na+ in complex at (47.02, -3.92, 102.07).
Placed Na+ in complex at (29.02, 57.08, 69.07).
Placed Na+ in complex at (54.02, 55.08, 26.07).

Done adding ions.
Scaling up box by a factor of 1.135570 to meet diagonal cut criterion
  Solute vdw bounding box:              58.558 117.968 72.282
  Total bounding box for atom centers:  140.679 140.679 140.679
      (box expansion for 'iso' is 156.4%)
  Solvent unit box:                     18.774 18.774 18.774
  Volume: 1421961.568 A^3 (oct)
  Total mass 793126.443 amu,  Density 0.926 g/cc
  Added 38967 residues.
Adding 257 counter ions to "complex". 38710 solvent molecules will remain.
0: Placed Na+ in complex at (-40.41, 8.53, -57.25).
Placed Cl- in complex at (16.53, 48.66, 36.77).
0: Placed Na+ in complex at (7.53, -2.17, 62.85).
Placed Cl- in complex at (29.78, 4.64, 39.85).
0: Placed Na+ in complex at (15.11, -38.77, -27.92).
Placed Cl- in complex at (38.91, 20.22, -10.82).
0: Placed Na+ in complex at (-50.64, 19.15, -1.02).
Placed Cl- in complex at (-41.39, -56.35, 22.37).
0: Placed Na+ in complex at (36.97, -14.44, 14.87).
Placed Cl- in complex at (30.21, 38.15, 14.55).
0: Placed Na+ in complex at (-31.56, 30.51, 52.25).
Placed Cl- in complex at (44.50, 7.68, -49.65).
0: Placed Na+ in complex at (-25.42, 39.28, -21.77).
Placed Cl- in complex at (10.03, -27.60, -57.98).
0: Placed Na+ in complex at (42.11, 13.47, -3.27).
Placed Cl- in complex at (32.58, 34.25, -12.48).
0: Placed Na+ in complex at (34.71, -51.54, 19.93).
Placed Cl- in complex at (60.71, -3.62, -13.78).
0: Placed Na+ in complex at (-40.08, -49.44, -23.79).
Placed Cl- in complex at (14.31, -44.89, 2.71).
0: Placed Na+ in complex at (-10.71, 51.24, -13.05).
Placed Cl- in complex at (13.45, -37.51, -43.59).
0: Placed Na+ in complex at (8.71, 32.95, -46.21).
Placed Cl- in complex at (-20.31, -39.95, -16.38).
0: Placed Na+ in complex at (37.10, 56.24, 11.19).
Placed Cl- in complex at (26.00, 34.24, 11.78).
0: Placed Na+ in complex at (34.49, 4.97, -4.18).
Placed Cl- in complex at (21.01, 47.42, 31.15).
0: Placed Na+ in complex at (47.52, -6.98, -44.05).
Placed Cl- in complex at (-52.96, -27.38, 2.17).
0: Placed Na+ in complex at (-43.45, 27.63, -22.10).
Placed Cl- in complex at (56.27, 3.79, -2.00).
0: Placed Na+ in complex at (2.20, -36.20, -1.25).
Placed Cl- in complex at (21.70, 67.48, 24.01).
0: Placed Na+ in complex at (-29.02, 18.25, 56.88).
Placed Cl- in complex at (-6.52, -11.75, 11.78).
0: Placed Na+ in complex at (38.51, -22.52, 32.83).
Placed Cl- in complex at (-24.31, 48.54, 45.75).
0: Placed Na+ in complex at (19.55, 25.29, -6.38).
Placed Cl- in complex at (-10.35, -8.21, -34.80).
0: Placed Na+ in complex at (30.39, -5.37, -59.48).
Placed Cl- in complex at (-58.52, -11.28, -0.50).
0: Placed Na+ in complex at (-6.85, 11.88, 68.35).
Placed Cl- in complex at (45.71, -39.75, -26.08).
0: Placed Na+ in complex at (-8.76, 28.26, 49.17).
Placed Cl- in complex at (-59.43, 21.75, 21.40).
0: Placed Na+ in complex at (-3.12, 13.02, -47.57).
Placed Cl- in complex at (-55.73, -8.89, 24.09).
0: Placed Na+ in complex at (35.01, 40.83, -3.92).
Placed Cl- in complex at (-8.08, -30.21, 19.30).
0: Placed Na+ in complex at (-25.27, -7.44, -31.76).
Placed Cl- in complex at (23.65, 58.62, 9.10).
0: Placed Na+ in complex at (12.45, 40.78, -24.24).
Placed Cl- in complex at (-26.35, 8.31, -35.49).
0: Placed Na+ in complex at (-12.22, 33.09, -42.74).
Placed Cl- in complex at (-15.86, 36.88, 52.09).
0: Placed Na+ in complex at (41.23, -13.04, -46.21).
Placed Cl- in complex at (-24.64, -52.39, 1.14).
0: Placed Na+ in complex at (-19.29, -18.90, 11.70).
Placed Cl- in complex at (52.72, 14.67, -41.65).
0: Placed Na+ in complex at (-11.28, -21.85, -20.73).
Placed Cl- in complex at (-44.69, -29.38, 17.06).
0: Placed Na+ in complex at (-36.26, -22.03, -21.77).
Placed Cl- in complex at (-44.80, 26.06, 22.63).
0: Placed Na+ in complex at (-13.96, -19.54, 51.70).
Placed Cl- in complex at (-43.42, -51.61, 18.95).
0: Placed Na+ in complex at (-42.32, 9.06, -2.33).
Placed Cl- in complex at (-22.58, 37.38, -23.78).
0: Placed Na+ in complex at (33.33, 48.83, 8.10).
Placed Cl- in complex at (-20.00, 43.32, 27.09).
0: Placed Na+ in complex at (7.61, 41.76, -39.97).
Placed Cl- in complex at (14.54, 12.20, -32.93).
0: Placed Na+ in complex at (-54.94, 30.28, 25.03).
Placed Cl- in complex at (-15.25, -2.86, 65.74).
0: Placed Na+ in complex at (-10.35, 7.18, -34.04).
Placed Cl- in complex at (39.88, -16.83, -4.14).
0: Placed Na+ in complex at (21.21, 54.84, 10.47).
Placed Cl- in complex at (13.05, -13.53, -59.33).
0: Placed Na+ in complex at (-20.72, -46.13, 25.70).
Placed Cl- in complex at (41.46, 39.14, 15.13).
0: Placed Na+ in complex at (-34.41, 0.81, -51.25).
Placed Cl- in complex at (-16.62, -2.77, 57.37).
0: Placed Na+ in complex at (18.61, 40.03, -25.04).
Placed Cl- in complex at (27.24, 48.09, 33.28).
0: Placed Na+ in complex at (42.67, 21.20, -5.94).
Placed Cl- in complex at (38.13, -44.50, 1.11).
0: Placed Na+ in complex at (18.20, 14.68, -35.49).
Placed Cl- in complex at (-39.72, 47.64, -13.07).
0: Placed Na+ in complex at (-33.21, 28.87, -45.77).
Placed Cl- in complex at (-50.78, 22.58, 24.34).
0: Placed Na+ in complex at (-25.33, -0.91, -11.98).
Placed Cl- in complex at (-16.07, -6.18, 40.94).
0: Placed Na+ in complex at (-54.13, 26.58, -25.76).
Placed Cl- in complex at (7.36, 63.25, 31.06).
0: Placed Na+ in complex at (46.48, 30.41, 29.27).
Placed Cl- in complex at (58.94, -35.72, -8.55).
0: Placed Na+ in complex at (-34.33, 41.18, -12.63).
Placed Cl- in complex at (27.01, -5.13, 3.45).
0: Placed Na+ in complex at (41.34, 10.19, -43.47).
Placed Cl- in complex at (43.26, 35.30, -8.82).
0: Placed Na+ in complex at (-45.66, 24.35, -26.43).
Placed Cl- in complex at (20.15, -39.55, -29.01).
0: Placed Na+ in complex at (-51.81, 4.09, 51.53).
Placed Cl- in complex at (-36.97, -24.51, -17.62).
0: Placed Na+ in complex at (51.22, 42.90, -6.34).
Placed Cl- in complex at (16.64, -47.37, 41.86).
0: Placed Na+ in complex at (42.94, -17.46, 46.36).
Placed Cl- in complex at (-43.92, 4.72, 46.99).
0: Placed Na+ in complex at (-30.59, 9.45, -23.98).
Placed Cl- in complex at (18.58, 62.75, -14.49).
0: Placed Na+ in complex at (12.92, -33.06, -3.93).
Placed Cl- in complex at (-10.90, -5.62, -34.16).
0: Placed Na+ in complex at (41.06, -28.11, -45.37).
Placed Cl- in complex at (27.37, 18.00, 36.77).
0: Placed Na+ in complex at (-22.18, -27.71, -39.51).
Placed Cl- in complex at (15.58, 33.97, -35.67).
0: Placed Na+ in complex at (23.60, -2.87, 7.22).
Placed Cl- in complex at (28.46, -2.36, -47.31).
0: Placed Na+ in complex at (40.30, 44.99, -20.18).
Placed Cl- in complex at (6.52, -57.27, 26.05).
0: Placed Na+ in complex at (-33.85, 8.95, 56.89).
Placed Cl- in complex at (21.01, -21.56, -61.77).
0: Placed Na+ in complex at (-36.97, 21.48, -17.62).
Placed Cl- in complex at (23.80, -10.44, 63.08).
0: Placed Na+ in complex at (42.47, -16.40, 3.43).
Placed Cl- in complex at (-30.45, 19.12, -55.10).
0: Placed Na+ in complex at (-54.49, -7.99, -26.50).
Placed Cl- in complex at (12.91, -11.54, 24.55).
0: Placed Na+ in complex at (30.71, -27.80, -52.45).
Placed Cl- in complex at (7.19, 45.07, 14.57).
0: Placed Na+ in complex at (-47.10, -14.37, -8.49).
Placed Cl- in complex at (30.08, 48.94, -9.86).
0: Placed Na+ in complex at (29.56, 47.25, 14.41).
Placed Cl- in complex at (8.26, -35.33, 6.32).
0: Placed Na+ in complex at (-35.25, 27.63, -26.53).
Placed Cl- in complex at (7.86, -18.42, 20.21).
0: Placed Na+ in complex at (14.55, 59.63, 31.95).
Placed Cl- in complex at (16.44, -8.91, 21.40).
0: Placed Na+ in complex at (0.43, -0.78, 55.89).
Placed Cl- in complex at (18.36, 10.23, -43.45).
0: Placed Na+ in complex at (-42.55, 10.50, 47.93).
Placed Cl- in complex at (32.02, 0.20, -44.42).
0: Placed Na+ in complex at (40.38, -41.41, -19.61).
Placed Cl- in complex at (13.04, 48.11, 12.03).
0: Placed Na+ in complex at (-5.04, 36.94, 2.03).
Placed Cl- in complex at (24.95, -3.46, 55.86).
0: Placed Na+ in complex at (45.24, -35.42, 30.10).
Placed Cl- in complex at (-20.87, -4.83, 47.93).
0: Placed Na+ in complex at (-54.17, -16.83, -15.82).
Placed Cl- in complex at (10.91, -19.41, 53.89).
0: Placed Na+ in complex at (42.05, 44.23, 21.05).
Placed Cl- in complex at (21.85, -8.80, 56.81).
0: Placed Na+ in complex at (24.80, 14.49, 31.06).
Placed Cl- in complex at (18.62, 14.33, 32.92).
0: Placed Na+ in complex at (9.16, 22.49, -39.85).
Placed Cl- in complex at (-6.85, 34.87, -51.13).
0: Placed Na+ in complex at (36.12, -22.60, 38.81).
Placed Cl- in complex at (-53.71, 37.84, 19.06).
0: Placed Na+ in complex at (-38.90, 16.22, 41.42).
Placed Cl- in complex at (32.23, -0.32, -39.77).
0: Placed Na+ in complex at (39.71, -0.91, -11.98).
Placed Cl- in complex at (-30.60, 12.46, -19.33).
0: Placed Na+ in complex at (22.17, 14.78, 31.57).
Placed Cl- in complex at (-5.90, 19.27, 60.90).
0: Placed Na+ in complex at (-40.01, 5.94, -30.15).
Placed Cl- in complex at (-7.61, -7.51, -58.08).
0: Placed Na+ in complex at (-58.61, -18.19, 12.63).
Placed Cl- in complex at (14.83, 65.53, -24.58).
0: Placed Na+ in complex at (-23.88, 38.23, 45.65).
Placed Cl- in complex at (12.21, -50.22, 18.24).
0: Placed Na+ in complex at (50.38, 29.61, -24.10).
Placed Cl- in complex at (7.36, -0.65, 70.71).
0: Placed Na+ in complex at (56.27, 5.26, -17.21).
Placed Cl- in complex at (-19.29, -18.90, -41.40).
0: Placed Na+ in complex at (-29.05, 8.76, -10.57).
Placed Cl- in complex at (-51.77, -5.28, 36.61).
0: Placed Na+ in complex at (-41.43, 17.12, 42.40).
Placed Cl- in complex at (4.74, -4.35, -48.95).
0: Placed Na+ in complex at (-30.31, 17.12, -59.33).
Placed Cl- in complex at (54.64, 27.31, 16.05).
0: Placed Na+ in complex at (36.84, 26.57, -1.49).
Placed Cl- in complex at (38.13, 1.49, 54.21).
0: Placed Na+ in complex at (-7.32, 60.03, -5.28).
Placed Cl- in complex at (38.55, 19.37, 19.65).
0: Placed Na+ in complex at (-2.30, 62.67, -13.15).
Placed Cl- in complex at (59.11, -19.96, -28.15).
0: Placed Na+ in complex at (22.93, -39.05, -41.64).
Placed Cl- in complex at (50.27, -14.03, 10.81).
0: Placed Na+ in complex at (11.77, 43.94, -14.55).
Placed Cl- in complex at (10.93, -49.81, -22.29).
0: Placed Na+ in complex at (5.83, 54.59, -6.11).
Placed Cl- in complex at (46.79, 14.50, -12.97).
0: Placed Na+ in complex at (18.20, 14.68, 17.61).
Placed Cl- in complex at (-6.85, 57.86, -37.86).
0: Placed Na+ in complex at (-5.93, -65.95, -1.60).
Placed Cl- in complex at (-29.28, 7.81, -31.53).
0: Placed Na+ in complex at (-5.10, -63.45, 25.69).
Placed Cl- in complex at (-49.09, -23.08, 9.72).
0: Placed Na+ in complex at (25.22, 32.65, -12.69).
Placed Cl- in complex at (44.31, 45.84, -27.41).
0: Placed Na+ in complex at (31.95, -2.95, 7.16).
Placed Cl- in complex at (45.75, 27.09, 11.70).
0: Placed Na+ in complex at (-18.21, -67.89, 15.98).
Placed Cl- in complex at (29.54, -33.74, -32.89).
0: Placed Na+ in complex at (-17.04, -20.15, -0.19).
Placed Cl- in complex at (-45.66, 1.35, -39.71).
0: Placed Na+ in complex at (-45.66, -12.78, -18.82).
Placed Cl- in complex at (-5.18, -59.77, 10.17).
0: Placed Na+ in complex at (-4.26, 35.42, -12.55).
Placed Cl- in complex at (41.88, 22.34, 24.73).
0: Placed Na+ in complex at (1.68, -63.98, 27.09).
Placed Cl- in complex at (50.89, -32.83, -16.80).
0: Placed Na+ in complex at (-22.37, 21.20, -59.05).
Placed Cl- in complex at (32.79, -26.59, -47.44).
0: Placed Na+ in complex at (-34.83, -22.34, 38.95).
Placed Cl- in complex at (-39.80, 34.48, -27.58).
0: Placed Na+ in complex at (-27.77, 37.80, -39.40).
Placed Cl- in complex at (40.24, 28.35, -21.02).
0: Placed Na+ in complex at (42.94, -17.46, -6.74).
Placed Cl- in complex at (-14.32, 37.68, 4.33).
0: Placed Na+ in complex at (39.54, 14.28, 29.00).
Placed Cl- in complex at (-27.10, -54.03, 17.97).
0: Placed Na+ in complex at (17.23, -10.44, -63.92).
Placed Cl- in complex at (32.64, 43.58, 0.22).
0: Placed Na+ in complex at (38.91, 20.22, 15.73).
Placed Cl- in complex at (56.55, 44.56, 13.75).
0: Placed Na+ in complex at (10.17, -36.89, -8.67).
Placed Cl- in complex at (5.35, -7.04, 36.85).
0: Placed Na+ in complex at (46.16, -29.32, 32.85).
Placed Cl- in complex at (42.94, -17.46, 19.81).
0: Placed Na+ in complex at (-39.85, 8.89, 4.28).
Placed Cl- in complex at (-13.96, -42.54, -41.23).
0: Placed Na+ in complex at (28.92, 23.22, 21.34).
Placed Cl- in complex at (21.75, 15.27, -17.30).
0: Placed Na+ in complex at (29.04, 47.92, 4.51).
Placed Cl- in complex at (-2.98, 12.24, 46.76).
0: Placed Na+ in complex at (-7.34, 2.92, 56.88).
Placed Cl- in complex at (-35.28, 14.37, 44.94).
0: Placed Na+ in complex at (-32.81, 22.67, -53.05).
Placed Cl- in complex at (-42.91, -21.73, -39.40).
0: Placed Na+ in complex at (-55.50, 21.23, -18.77).
Placed Cl- in complex at (-56.50, 32.01, 13.40).
0: Placed Na+ in complex at (23.89, -44.19, -32.78).
Placed Cl- in complex at (53.73, -14.14, -29.36).
0: Placed Na+ in complex at (-18.16, -24.28, 34.55).
Placed Cl- in complex at (-12.22, -12.90, -42.74).
0: Placed Na+ in complex at (-3.74, -22.03, -21.77).
Placed Cl- in complex at (-27.86, -42.85, 20.09).
0: Placed Na+ in complex at (31.27, 44.13, -29.82).
Placed Cl- in complex at (-30.63, -50.75, 3.55).
0: Placed Na+ in complex at (7.72, -17.64, 32.08).
Placed Cl- in complex at (-31.58, 28.61, -41.11).
0: Placed Na+ in complex at (29.46, 6.67, 19.64).
Placed Cl- in complex at (42.33, 3.20, -15.44).
0: Placed Na+ in complex at (4.64, 56.49, -0.19).
Placed Cl- in complex at (12.09, 37.59, 38.01).
Placed Cl- in complex at (-38.61, -12.72, 4.72).
Checking Unit.
Building topology.
Building atom parameters.
Building bond parameters.
Building angle parameters.
Building proper torsion parameters.
Building improper torsion parameters.
 total 2640 improper torsions applied
Building H-Bond parameters.
Incorporating Non-Bonded adjustments.
Not Marking per-residue atom chain types.
Marking per-residue atom chain types.
  (Residues lacking connect0/connect1 - 
   these don't have chain types marked:

	res	total affected

	CVAL	1
	GGP	1
	NMET	1
	WAT	38710
  )
 (no restraints)
	Quit

Exiting LEaP: Errors = 0; Warnings = 0; Notes = 0.
